<?xml version="1.0" encoding="UTF-8"?>
<testng-results ignored="0" total="1" passed="1" failed="0" skipped="0">
  <reporter-output>
  </reporter-output>
  <suite started-at="2023-08-15T15:27:43 IST" name="Default suite" finished-at="2023-08-15T15:27:47 IST" duration-ms="3947">
    <groups>
    </groups>
    <test started-at="2023-08-15T15:27:43 IST" name="Default test" finished-at="2023-08-15T15:27:47 IST" duration-ms="3947">
      <class name="TestNg.Annotations">
        <test-method is-config="true" signature="openApp()[pri:0, instance:TestNg.Annotations@59505b48]" started-at="2023-08-15T15:27:43 IST" name="openApp" finished-at="2023-08-15T15:27:47 IST" duration-ms="3718" status="PASS">
          <reporter-output>
          </reporter-output>
        </test-method> <!-- openApp -->
        <test-method signature="login()[pri:0, instance:TestNg.Annotations@59505b48]" started-at="2023-08-15T15:27:47 IST" name="login" finished-at="2023-08-15T15:27:47 IST" duration-ms="34" status="PASS">
          <reporter-output>
          </reporter-output>
        </test-method> <!-- login -->
        <test-method is-config="true" signature="close()[pri:0, instance:TestNg.Annotations@59505b48]" started-at="2023-08-15T15:27:47 IST" name="close" finished-at="2023-08-15T15:27:47 IST" duration-ms="149" status="PASS">
          <reporter-output>
          </reporter-output>
        </test-method> <!-- close -->
      </class> <!-- TestNg.Annotations -->
    </test> <!-- Default test -->
  </suite> <!-- Default suite -->
</testng-results>
